Start testing: Feb 26 08:25 GMT
----------------------------------------------------------
1/37 Testing: EmptyTree.InsertNode
1/37 Test: EmptyTree.InsertNode
Command: "/mnt/c/Users/pavel/Desktop/IVS/assignment/build/black_box_test" "--gtest_filter=EmptyTree.InsertNode"
Directory: /mnt/c/Users/pavel/Desktop/IVS/assignment/build
"EmptyTree.InsertNode" start time: Feb 26 08:25 GMT
Output:
----------------------------------------------------------
Running main() from /mnt/c/Users/pavel/Desktop/IVS/assignment/build/googletest-master/googletest/src/gtest_main.cc
Note: Google Test filter = EmptyTree.InsertNode
[==========] Running 1 test from 1 test suite.
[----------] Global test environment set-up.
[----------] 1 test from EmptyTree
[ RUN      ] EmptyTree.InsertNode
[       OK ] EmptyTree.InsertNode (0 ms)
[----------] 1 test from EmptyTree (0 ms total)

[----------] Global test environment tear-down
[==========] 1 test from 1 test suite ran. (0 ms total)
[  PASSED  ] 1 test.
<end of output>
Test time =   0.06 sec
----------------------------------------------------------
Test Passed.
"EmptyTree.InsertNode" end time: Feb 26 08:25 GMT
"EmptyTree.InsertNode" time elapsed: 00:00:00
----------------------------------------------------------

2/37 Testing: EmptyTree.DeleteNode
2/37 Test: EmptyTree.DeleteNode
Command: "/mnt/c/Users/pavel/Desktop/IVS/assignment/build/black_box_test" "--gtest_filter=EmptyTree.DeleteNode"
Directory: /mnt/c/Users/pavel/Desktop/IVS/assignment/build
"EmptyTree.DeleteNode" start time: Feb 26 08:25 GMT
Output:
----------------------------------------------------------
Running main() from /mnt/c/Users/pavel/Desktop/IVS/assignment/build/googletest-master/googletest/src/gtest_main.cc
Note: Google Test filter = EmptyTree.DeleteNode
[==========] Running 1 test from 1 test suite.
[----------] Global test environment set-up.
[----------] 1 test from EmptyTree
[ RUN      ] EmptyTree.DeleteNode
[       OK ] EmptyTree.DeleteNode (0 ms)
[----------] 1 test from EmptyTree (0 ms total)

[----------] Global test environment tear-down
[==========] 1 test from 1 test suite ran. (0 ms total)
[  PASSED  ] 1 test.
<end of output>
Test time =   0.03 sec
----------------------------------------------------------
Test Passed.
"EmptyTree.DeleteNode" end time: Feb 26 08:25 GMT
"EmptyTree.DeleteNode" time elapsed: 00:00:00
----------------------------------------------------------

3/37 Testing: EmptyTree.FindNode
3/37 Test: EmptyTree.FindNode
Command: "/mnt/c/Users/pavel/Desktop/IVS/assignment/build/black_box_test" "--gtest_filter=EmptyTree.FindNode"
Directory: /mnt/c/Users/pavel/Desktop/IVS/assignment/build
"EmptyTree.FindNode" start time: Feb 26 08:25 GMT
Output:
----------------------------------------------------------
Running main() from /mnt/c/Users/pavel/Desktop/IVS/assignment/build/googletest-master/googletest/src/gtest_main.cc
Note: Google Test filter = EmptyTree.FindNode
[==========] Running 1 test from 1 test suite.
[----------] Global test environment set-up.
[----------] 1 test from EmptyTree
[ RUN      ] EmptyTree.FindNode
[       OK ] EmptyTree.FindNode (0 ms)
[----------] 1 test from EmptyTree (0 ms total)

[----------] Global test environment tear-down
[==========] 1 test from 1 test suite ran. (1 ms total)
[  PASSED  ] 1 test.
<end of output>
Test time =   0.04 sec
----------------------------------------------------------
Test Passed.
"EmptyTree.FindNode" end time: Feb 26 08:25 GMT
"EmptyTree.FindNode" time elapsed: 00:00:00
----------------------------------------------------------

4/37 Testing: NonEmptyTree.InsertNode
4/37 Test: NonEmptyTree.InsertNode
Command: "/mnt/c/Users/pavel/Desktop/IVS/assignment/build/black_box_test" "--gtest_filter=NonEmptyTree.InsertNode"
Directory: /mnt/c/Users/pavel/Desktop/IVS/assignment/build
"NonEmptyTree.InsertNode" start time: Feb 26 08:25 GMT
Output:
----------------------------------------------------------
Running main() from /mnt/c/Users/pavel/Desktop/IVS/assignment/build/googletest-master/googletest/src/gtest_main.cc
Note: Google Test filter = NonEmptyTree.InsertNode
[==========] Running 1 test from 1 test suite.
[----------] Global test environment set-up.
[----------] 1 test from NonEmptyTree
[ RUN      ] NonEmptyTree.InsertNode
[       OK ] NonEmptyTree.InsertNode (0 ms)
[----------] 1 test from NonEmptyTree (0 ms total)

[----------] Global test environment tear-down
[==========] 1 test from 1 test suite ran. (1 ms total)
[  PASSED  ] 1 test.
<end of output>
Test time =   0.03 sec
----------------------------------------------------------
Test Passed.
"NonEmptyTree.InsertNode" end time: Feb 26 08:25 GMT
"NonEmptyTree.InsertNode" time elapsed: 00:00:00
----------------------------------------------------------

5/37 Testing: NonEmptyTree.DeleteNode
5/37 Test: NonEmptyTree.DeleteNode
Command: "/mnt/c/Users/pavel/Desktop/IVS/assignment/build/black_box_test" "--gtest_filter=NonEmptyTree.DeleteNode"
Directory: /mnt/c/Users/pavel/Desktop/IVS/assignment/build
"NonEmptyTree.DeleteNode" start time: Feb 26 08:25 GMT
Output:
----------------------------------------------------------
Running main() from /mnt/c/Users/pavel/Desktop/IVS/assignment/build/googletest-master/googletest/src/gtest_main.cc
Note: Google Test filter = NonEmptyTree.DeleteNode
[==========] Running 1 test from 1 test suite.
[----------] Global test environment set-up.
[----------] 1 test from NonEmptyTree
[ RUN      ] NonEmptyTree.DeleteNode
[       OK ] NonEmptyTree.DeleteNode (0 ms)
[----------] 1 test from NonEmptyTree (0 ms total)

[----------] Global test environment tear-down
[==========] 1 test from 1 test suite ran. (1 ms total)
[  PASSED  ] 1 test.
<end of output>
Test time =   0.03 sec
----------------------------------------------------------
Test Passed.
"NonEmptyTree.DeleteNode" end time: Feb 26 08:25 GMT
"NonEmptyTree.DeleteNode" time elapsed: 00:00:00
----------------------------------------------------------

6/37 Testing: NonEmptyTree.FindNode
6/37 Test: NonEmptyTree.FindNode
Command: "/mnt/c/Users/pavel/Desktop/IVS/assignment/build/black_box_test" "--gtest_filter=NonEmptyTree.FindNode"
Directory: /mnt/c/Users/pavel/Desktop/IVS/assignment/build
"NonEmptyTree.FindNode" start time: Feb 26 08:25 GMT
Output:
----------------------------------------------------------
Running main() from /mnt/c/Users/pavel/Desktop/IVS/assignment/build/googletest-master/googletest/src/gtest_main.cc
Note: Google Test filter = NonEmptyTree.FindNode
[==========] Running 1 test from 1 test suite.
[----------] Global test environment set-up.
[----------] 1 test from NonEmptyTree
[ RUN      ] NonEmptyTree.FindNode
[       OK ] NonEmptyTree.FindNode (0 ms)
[----------] 1 test from NonEmptyTree (0 ms total)

[----------] Global test environment tear-down
[==========] 1 test from 1 test suite ran. (0 ms total)
[  PASSED  ] 1 test.
<end of output>
Test time =   0.03 sec
----------------------------------------------------------
Test Passed.
"NonEmptyTree.FindNode" end time: Feb 26 08:25 GMT
"NonEmptyTree.FindNode" time elapsed: 00:00:00
----------------------------------------------------------

7/37 Testing: NonEmptyTree.Axiom1
7/37 Test: NonEmptyTree.Axiom1
Command: "/mnt/c/Users/pavel/Desktop/IVS/assignment/build/black_box_test" "--gtest_filter=NonEmptyTree.Axiom1"
Directory: /mnt/c/Users/pavel/Desktop/IVS/assignment/build
"NonEmptyTree.Axiom1" start time: Feb 26 08:25 GMT
Output:
----------------------------------------------------------
Running main() from /mnt/c/Users/pavel/Desktop/IVS/assignment/build/googletest-master/googletest/src/gtest_main.cc
Note: Google Test filter = NonEmptyTree.Axiom1
[==========] Running 1 test from 1 test suite.
[----------] Global test environment set-up.
[----------] 1 test from NonEmptyTree
[ RUN      ] NonEmptyTree.Axiom1
[       OK ] NonEmptyTree.Axiom1 (0 ms)
[----------] 1 test from NonEmptyTree (0 ms total)

[----------] Global test environment tear-down
[==========] 1 test from 1 test suite ran. (0 ms total)
[  PASSED  ] 1 test.
<end of output>
Test time =   0.03 sec
----------------------------------------------------------
Test Passed.
"NonEmptyTree.Axiom1" end time: Feb 26 08:25 GMT
"NonEmptyTree.Axiom1" time elapsed: 00:00:00
----------------------------------------------------------

8/37 Testing: NonEmptyTree.Axiom2
8/37 Test: NonEmptyTree.Axiom2
Command: "/mnt/c/Users/pavel/Desktop/IVS/assignment/build/black_box_test" "--gtest_filter=NonEmptyTree.Axiom2"
Directory: /mnt/c/Users/pavel/Desktop/IVS/assignment/build
"NonEmptyTree.Axiom2" start time: Feb 26 08:25 GMT
Output:
----------------------------------------------------------
Running main() from /mnt/c/Users/pavel/Desktop/IVS/assignment/build/googletest-master/googletest/src/gtest_main.cc
Note: Google Test filter = NonEmptyTree.Axiom2
[==========] Running 1 test from 1 test suite.
[----------] Global test environment set-up.
[----------] 1 test from NonEmptyTree
[ RUN      ] NonEmptyTree.Axiom2
[       OK ] NonEmptyTree.Axiom2 (0 ms)
[----------] 1 test from NonEmptyTree (0 ms total)

[----------] Global test environment tear-down
[==========] 1 test from 1 test suite ran. (0 ms total)
[  PASSED  ] 1 test.
<end of output>
Test time =   0.03 sec
----------------------------------------------------------
Test Passed.
"NonEmptyTree.Axiom2" end time: Feb 26 08:25 GMT
"NonEmptyTree.Axiom2" time elapsed: 00:00:00
----------------------------------------------------------

9/37 Testing: NonEmptyTree.Axiom3
9/37 Test: NonEmptyTree.Axiom3
Command: "/mnt/c/Users/pavel/Desktop/IVS/assignment/build/black_box_test" "--gtest_filter=NonEmptyTree.Axiom3"
Directory: /mnt/c/Users/pavel/Desktop/IVS/assignment/build
"NonEmptyTree.Axiom3" start time: Feb 26 08:25 GMT
Output:
----------------------------------------------------------
Running main() from /mnt/c/Users/pavel/Desktop/IVS/assignment/build/googletest-master/googletest/src/gtest_main.cc
Note: Google Test filter = NonEmptyTree.Axiom3
[==========] Running 1 test from 1 test suite.
[----------] Global test environment set-up.
[----------] 1 test from NonEmptyTree
[ RUN      ] NonEmptyTree.Axiom3
[       OK ] NonEmptyTree.Axiom3 (0 ms)
[----------] 1 test from NonEmptyTree (0 ms total)

[----------] Global test environment tear-down
[==========] 1 test from 1 test suite ran. (0 ms total)
[  PASSED  ] 1 test.
<end of output>
Test time =   0.03 sec
----------------------------------------------------------
Test Passed.
"NonEmptyTree.Axiom3" end time: Feb 26 08:25 GMT
"NonEmptyTree.Axiom3" time elapsed: 00:00:00
----------------------------------------------------------

10/37 Testing: Matrixx.ConstructMatrixCheckZeroValue
10/37 Test: Matrixx.ConstructMatrixCheckZeroValue
Command: "/mnt/c/Users/pavel/Desktop/IVS/assignment/build/white_box_test" "--gtest_filter=Matrixx.ConstructMatrixCheckZeroValue"
Directory: /mnt/c/Users/pavel/Desktop/IVS/assignment/build
"Matrixx.ConstructMatrixCheckZeroValue" start time: Feb 26 08:25 GMT
Output:
----------------------------------------------------------
Running main() from /mnt/c/Users/pavel/Desktop/IVS/assignment/build/googletest-master/googletest/src/gtest_main.cc
Note: Google Test filter = Matrixx.ConstructMatrixCheckZeroValue
[==========] Running 1 test from 1 test suite.
[----------] Global test environment set-up.
[----------] 1 test from Matrixx
[ RUN      ] Matrixx.ConstructMatrixCheckZeroValue
[       OK ] Matrixx.ConstructMatrixCheckZeroValue (0 ms)
[----------] 1 test from Matrixx (0 ms total)

[----------] Global test environment tear-down
[==========] 1 test from 1 test suite ran. (1 ms total)
[  PASSED  ] 1 test.
<end of output>
Test time =   0.06 sec
----------------------------------------------------------
Test Passed.
"Matrixx.ConstructMatrixCheckZeroValue" end time: Feb 26 08:25 GMT
"Matrixx.ConstructMatrixCheckZeroValue" time elapsed: 00:00:00
----------------------------------------------------------

11/37 Testing: Matrixx.ValidSizeCheck
11/37 Test: Matrixx.ValidSizeCheck
Command: "/mnt/c/Users/pavel/Desktop/IVS/assignment/build/white_box_test" "--gtest_filter=Matrixx.ValidSizeCheck"
Directory: /mnt/c/Users/pavel/Desktop/IVS/assignment/build
"Matrixx.ValidSizeCheck" start time: Feb 26 08:25 GMT
Output:
----------------------------------------------------------
Running main() from /mnt/c/Users/pavel/Desktop/IVS/assignment/build/googletest-master/googletest/src/gtest_main.cc
Note: Google Test filter = Matrixx.ValidSizeCheck
[==========] Running 1 test from 1 test suite.
[----------] Global test environment set-up.
[----------] 1 test from Matrixx
[ RUN      ] Matrixx.ValidSizeCheck
[       OK ] Matrixx.ValidSizeCheck (0 ms)
[----------] 1 test from Matrixx (0 ms total)

[----------] Global test environment tear-down
[==========] 1 test from 1 test suite ran. (0 ms total)
[  PASSED  ] 1 test.
<end of output>
Test time =   0.04 sec
----------------------------------------------------------
Test Passed.
"Matrixx.ValidSizeCheck" end time: Feb 26 08:25 GMT
"Matrixx.ValidSizeCheck" time elapsed: 00:00:00
----------------------------------------------------------

12/37 Testing: Matrixx.SetValueCheckPositionExists
12/37 Test: Matrixx.SetValueCheckPositionExists
Command: "/mnt/c/Users/pavel/Desktop/IVS/assignment/build/white_box_test" "--gtest_filter=Matrixx.SetValueCheckPositionExists"
Directory: /mnt/c/Users/pavel/Desktop/IVS/assignment/build
"Matrixx.SetValueCheckPositionExists" start time: Feb 26 08:25 GMT
Output:
----------------------------------------------------------
Running main() from /mnt/c/Users/pavel/Desktop/IVS/assignment/build/googletest-master/googletest/src/gtest_main.cc
Note: Google Test filter = Matrixx.SetValueCheckPositionExists
[==========] Running 1 test from 1 test suite.
[----------] Global test environment set-up.
[----------] 1 test from Matrixx
[ RUN      ] Matrixx.SetValueCheckPositionExists
[       OK ] Matrixx.SetValueCheckPositionExists (0 ms)
[----------] 1 test from Matrixx (0 ms total)

[----------] Global test environment tear-down
[==========] 1 test from 1 test suite ran. (0 ms total)
[  PASSED  ] 1 test.
<end of output>
Test time =   0.04 sec
----------------------------------------------------------
Test Passed.
"Matrixx.SetValueCheckPositionExists" end time: Feb 26 08:25 GMT
"Matrixx.SetValueCheckPositionExists" time elapsed: 00:00:00
----------------------------------------------------------

13/37 Testing: Matrixx.SetMultipleValuesFromVector
13/37 Test: Matrixx.SetMultipleValuesFromVector
Command: "/mnt/c/Users/pavel/Desktop/IVS/assignment/build/white_box_test" "--gtest_filter=Matrixx.SetMultipleValuesFromVector"
Directory: /mnt/c/Users/pavel/Desktop/IVS/assignment/build
"Matrixx.SetMultipleValuesFromVector" start time: Feb 26 08:25 GMT
Output:
----------------------------------------------------------
Running main() from /mnt/c/Users/pavel/Desktop/IVS/assignment/build/googletest-master/googletest/src/gtest_main.cc
Note: Google Test filter = Matrixx.SetMultipleValuesFromVector
[==========] Running 1 test from 1 test suite.
[----------] Global test environment set-up.
[----------] 1 test from Matrixx
[ RUN      ] Matrixx.SetMultipleValuesFromVector
[       OK ] Matrixx.SetMultipleValuesFromVector (0 ms)
[----------] 1 test from Matrixx (0 ms total)

[----------] Global test environment tear-down
[==========] 1 test from 1 test suite ran. (1 ms total)
[  PASSED  ] 1 test.
<end of output>
Test time =   0.04 sec
----------------------------------------------------------
Test Passed.
"Matrixx.SetMultipleValuesFromVector" end time: Feb 26 08:25 GMT
"Matrixx.SetMultipleValuesFromVector" time elapsed: 00:00:00
----------------------------------------------------------

14/37 Testing: Matrixx.CompareMatrices
14/37 Test: Matrixx.CompareMatrices
Command: "/mnt/c/Users/pavel/Desktop/IVS/assignment/build/white_box_test" "--gtest_filter=Matrixx.CompareMatrices"
Directory: /mnt/c/Users/pavel/Desktop/IVS/assignment/build
"Matrixx.CompareMatrices" start time: Feb 26 08:25 GMT
Output:
----------------------------------------------------------
Running main() from /mnt/c/Users/pavel/Desktop/IVS/assignment/build/googletest-master/googletest/src/gtest_main.cc
Note: Google Test filter = Matrixx.CompareMatrices
[==========] Running 1 test from 1 test suite.
[----------] Global test environment set-up.
[----------] 1 test from Matrixx
[ RUN      ] Matrixx.CompareMatrices
[       OK ] Matrixx.CompareMatrices (0 ms)
[----------] 1 test from Matrixx (0 ms total)

[----------] Global test environment tear-down
[==========] 1 test from 1 test suite ran. (0 ms total)
[  PASSED  ] 1 test.
<end of output>
Test time =   0.04 sec
----------------------------------------------------------
Test Passed.
"Matrixx.CompareMatrices" end time: Feb 26 08:25 GMT
"Matrixx.CompareMatrices" time elapsed: 00:00:00
----------------------------------------------------------

15/37 Testing: Matrixx.MatrixSum
15/37 Test: Matrixx.MatrixSum
Command: "/mnt/c/Users/pavel/Desktop/IVS/assignment/build/white_box_test" "--gtest_filter=Matrixx.MatrixSum"
Directory: /mnt/c/Users/pavel/Desktop/IVS/assignment/build
"Matrixx.MatrixSum" start time: Feb 26 08:25 GMT
Output:
----------------------------------------------------------
Running main() from /mnt/c/Users/pavel/Desktop/IVS/assignment/build/googletest-master/googletest/src/gtest_main.cc
Note: Google Test filter = Matrixx.MatrixSum
[==========] Running 1 test from 1 test suite.
[----------] Global test environment set-up.
[----------] 1 test from Matrixx
[ RUN      ] Matrixx.MatrixSum
[       OK ] Matrixx.MatrixSum (0 ms)
[----------] 1 test from Matrixx (0 ms total)

[----------] Global test environment tear-down
[==========] 1 test from 1 test suite ran. (3 ms total)
[  PASSED  ] 1 test.
<end of output>
Test time =   0.04 sec
----------------------------------------------------------
Test Passed.
"Matrixx.MatrixSum" end time: Feb 26 08:25 GMT
"Matrixx.MatrixSum" time elapsed: 00:00:00
----------------------------------------------------------

16/37 Testing: Matrixx.MatrixMultiplication
16/37 Test: Matrixx.MatrixMultiplication
Command: "/mnt/c/Users/pavel/Desktop/IVS/assignment/build/white_box_test" "--gtest_filter=Matrixx.MatrixMultiplication"
Directory: /mnt/c/Users/pavel/Desktop/IVS/assignment/build
"Matrixx.MatrixMultiplication" start time: Feb 26 08:25 GMT
Output:
----------------------------------------------------------
Running main() from /mnt/c/Users/pavel/Desktop/IVS/assignment/build/googletest-master/googletest/src/gtest_main.cc
Note: Google Test filter = Matrixx.MatrixMultiplication
[==========] Running 1 test from 1 test suite.
[----------] Global test environment set-up.
[----------] 1 test from Matrixx
[ RUN      ] Matrixx.MatrixMultiplication
[       OK ] Matrixx.MatrixMultiplication (0 ms)
[----------] 1 test from Matrixx (0 ms total)

[----------] Global test environment tear-down
[==========] 1 test from 1 test suite ran. (0 ms total)
[  PASSED  ] 1 test.
<end of output>
Test time =   0.04 sec
----------------------------------------------------------
Test Passed.
"Matrixx.MatrixMultiplication" end time: Feb 26 08:25 GMT
"Matrixx.MatrixMultiplication" time elapsed: 00:00:00
----------------------------------------------------------

17/37 Testing: Matrixx.MatrixMultiplicationByConstant
17/37 Test: Matrixx.MatrixMultiplicationByConstant
Command: "/mnt/c/Users/pavel/Desktop/IVS/assignment/build/white_box_test" "--gtest_filter=Matrixx.MatrixMultiplicationByConstant"
Directory: /mnt/c/Users/pavel/Desktop/IVS/assignment/build
"Matrixx.MatrixMultiplicationByConstant" start time: Feb 26 08:25 GMT
Output:
----------------------------------------------------------
Running main() from /mnt/c/Users/pavel/Desktop/IVS/assignment/build/googletest-master/googletest/src/gtest_main.cc
Note: Google Test filter = Matrixx.MatrixMultiplicationByConstant
[==========] Running 1 test from 1 test suite.
[----------] Global test environment set-up.
[----------] 1 test from Matrixx
[ RUN      ] Matrixx.MatrixMultiplicationByConstant
[       OK ] Matrixx.MatrixMultiplicationByConstant (0 ms)
[----------] 1 test from Matrixx (0 ms total)

[----------] Global test environment tear-down
[==========] 1 test from 1 test suite ran. (0 ms total)
[  PASSED  ] 1 test.
<end of output>
Test time =   0.04 sec
----------------------------------------------------------
Test Passed.
"Matrixx.MatrixMultiplicationByConstant" end time: Feb 26 08:25 GMT
"Matrixx.MatrixMultiplicationByConstant" time elapsed: 00:00:00
----------------------------------------------------------

18/37 Testing: Matrixx.SolveByCramersRule
18/37 Test: Matrixx.SolveByCramersRule
Command: "/mnt/c/Users/pavel/Desktop/IVS/assignment/build/white_box_test" "--gtest_filter=Matrixx.SolveByCramersRule"
Directory: /mnt/c/Users/pavel/Desktop/IVS/assignment/build
"Matrixx.SolveByCramersRule" start time: Feb 26 08:25 GMT
Output:
----------------------------------------------------------
Running main() from /mnt/c/Users/pavel/Desktop/IVS/assignment/build/googletest-master/googletest/src/gtest_main.cc
Note: Google Test filter = Matrixx.SolveByCramersRule
[==========] Running 1 test from 1 test suite.
[----------] Global test environment set-up.
[----------] 1 test from Matrixx
[ RUN      ] Matrixx.SolveByCramersRule
[       OK ] Matrixx.SolveByCramersRule (0 ms)
[----------] 1 test from Matrixx (0 ms total)

[----------] Global test environment tear-down
[==========] 1 test from 1 test suite ran. (0 ms total)
[  PASSED  ] 1 test.
<end of output>
Test time =   0.04 sec
----------------------------------------------------------
Test Passed.
"Matrixx.SolveByCramersRule" end time: Feb 26 08:25 GMT
"Matrixx.SolveByCramersRule" time elapsed: 00:00:00
----------------------------------------------------------

19/37 Testing: Matrixx.CramerOneByOneMatrix
19/37 Test: Matrixx.CramerOneByOneMatrix
Command: "/mnt/c/Users/pavel/Desktop/IVS/assignment/build/white_box_test" "--gtest_filter=Matrixx.CramerOneByOneMatrix"
Directory: /mnt/c/Users/pavel/Desktop/IVS/assignment/build
"Matrixx.CramerOneByOneMatrix" start time: Feb 26 08:25 GMT
Output:
----------------------------------------------------------
Running main() from /mnt/c/Users/pavel/Desktop/IVS/assignment/build/googletest-master/googletest/src/gtest_main.cc
Note: Google Test filter = Matrixx.CramerOneByOneMatrix
[==========] Running 1 test from 1 test suite.
[----------] Global test environment set-up.
[----------] 1 test from Matrixx
[ RUN      ] Matrixx.CramerOneByOneMatrix
[       OK ] Matrixx.CramerOneByOneMatrix (0 ms)
[----------] 1 test from Matrixx (0 ms total)

[----------] Global test environment tear-down
[==========] 1 test from 1 test suite ran. (0 ms total)
[  PASSED  ] 1 test.
<end of output>
Test time =   0.03 sec
----------------------------------------------------------
Test Passed.
"Matrixx.CramerOneByOneMatrix" end time: Feb 26 08:25 GMT
"Matrixx.CramerOneByOneMatrix" time elapsed: 00:00:00
----------------------------------------------------------

20/37 Testing: Matrixx.CramerBiggerRightSide
20/37 Test: Matrixx.CramerBiggerRightSide
Command: "/mnt/c/Users/pavel/Desktop/IVS/assignment/build/white_box_test" "--gtest_filter=Matrixx.CramerBiggerRightSide"
Directory: /mnt/c/Users/pavel/Desktop/IVS/assignment/build
"Matrixx.CramerBiggerRightSide" start time: Feb 26 08:25 GMT
Output:
----------------------------------------------------------
Running main() from /mnt/c/Users/pavel/Desktop/IVS/assignment/build/googletest-master/googletest/src/gtest_main.cc
Note: Google Test filter = Matrixx.CramerBiggerRightSide
[==========] Running 1 test from 1 test suite.
[----------] Global test environment set-up.
[----------] 1 test from Matrixx
[ RUN      ] Matrixx.CramerBiggerRightSide
[       OK ] Matrixx.CramerBiggerRightSide (0 ms)
[----------] 1 test from Matrixx (0 ms total)

[----------] Global test environment tear-down
[==========] 1 test from 1 test suite ran. (0 ms total)
[  PASSED  ] 1 test.
<end of output>
Test time =   0.04 sec
----------------------------------------------------------
Test Passed.
"Matrixx.CramerBiggerRightSide" end time: Feb 26 08:25 GMT
"Matrixx.CramerBiggerRightSide" time elapsed: 00:00:00
----------------------------------------------------------

21/37 Testing: Matrixx.CramerNotSquareMatrix
21/37 Test: Matrixx.CramerNotSquareMatrix
Command: "/mnt/c/Users/pavel/Desktop/IVS/assignment/build/white_box_test" "--gtest_filter=Matrixx.CramerNotSquareMatrix"
Directory: /mnt/c/Users/pavel/Desktop/IVS/assignment/build
"Matrixx.CramerNotSquareMatrix" start time: Feb 26 08:25 GMT
Output:
----------------------------------------------------------
Running main() from /mnt/c/Users/pavel/Desktop/IVS/assignment/build/googletest-master/googletest/src/gtest_main.cc
Note: Google Test filter = Matrixx.CramerNotSquareMatrix
[==========] Running 1 test from 1 test suite.
[----------] Global test environment set-up.
[----------] 1 test from Matrixx
[ RUN      ] Matrixx.CramerNotSquareMatrix
[       OK ] Matrixx.CramerNotSquareMatrix (0 ms)
[----------] 1 test from Matrixx (0 ms total)

[----------] Global test environment tear-down
[==========] 1 test from 1 test suite ran. (0 ms total)
[  PASSED  ] 1 test.
<end of output>
Test time =   0.04 sec
----------------------------------------------------------
Test Passed.
"Matrixx.CramerNotSquareMatrix" end time: Feb 26 08:25 GMT
"Matrixx.CramerNotSquareMatrix" time elapsed: 00:00:00
----------------------------------------------------------

22/37 Testing: Matrixx.CramerSingularMatrix
22/37 Test: Matrixx.CramerSingularMatrix
Command: "/mnt/c/Users/pavel/Desktop/IVS/assignment/build/white_box_test" "--gtest_filter=Matrixx.CramerSingularMatrix"
Directory: /mnt/c/Users/pavel/Desktop/IVS/assignment/build
"Matrixx.CramerSingularMatrix" start time: Feb 26 08:25 GMT
Output:
----------------------------------------------------------
Running main() from /mnt/c/Users/pavel/Desktop/IVS/assignment/build/googletest-master/googletest/src/gtest_main.cc
Note: Google Test filter = Matrixx.CramerSingularMatrix
[==========] Running 1 test from 1 test suite.
[----------] Global test environment set-up.
[----------] 1 test from Matrixx
[ RUN      ] Matrixx.CramerSingularMatrix
[       OK ] Matrixx.CramerSingularMatrix (1 ms)
[----------] 1 test from Matrixx (1 ms total)

[----------] Global test environment tear-down
[==========] 1 test from 1 test suite ran. (1 ms total)
[  PASSED  ] 1 test.
<end of output>
Test time =   0.04 sec
----------------------------------------------------------
Test Passed.
"Matrixx.CramerSingularMatrix" end time: Feb 26 08:25 GMT
"Matrixx.CramerSingularMatrix" time elapsed: 00:00:00
----------------------------------------------------------

23/37 Testing: Matrixx.TransposeMatrix
23/37 Test: Matrixx.TransposeMatrix
Command: "/mnt/c/Users/pavel/Desktop/IVS/assignment/build/white_box_test" "--gtest_filter=Matrixx.TransposeMatrix"
Directory: /mnt/c/Users/pavel/Desktop/IVS/assignment/build
"Matrixx.TransposeMatrix" start time: Feb 26 08:25 GMT
Output:
----------------------------------------------------------
Running main() from /mnt/c/Users/pavel/Desktop/IVS/assignment/build/googletest-master/googletest/src/gtest_main.cc
Note: Google Test filter = Matrixx.TransposeMatrix
[==========] Running 1 test from 1 test suite.
[----------] Global test environment set-up.
[----------] 1 test from Matrixx
[ RUN      ] Matrixx.TransposeMatrix
[       OK ] Matrixx.TransposeMatrix (0 ms)
[----------] 1 test from Matrixx (0 ms total)

[----------] Global test environment tear-down
[==========] 1 test from 1 test suite ran. (0 ms total)
[  PASSED  ] 1 test.
<end of output>
Test time =   0.04 sec
----------------------------------------------------------
Test Passed.
"Matrixx.TransposeMatrix" end time: Feb 26 08:25 GMT
"Matrixx.TransposeMatrix" time elapsed: 00:00:00
----------------------------------------------------------

24/37 Testing: Matrixx.InverseMatrix3x3
24/37 Test: Matrixx.InverseMatrix3x3
Command: "/mnt/c/Users/pavel/Desktop/IVS/assignment/build/white_box_test" "--gtest_filter=Matrixx.InverseMatrix3x3"
Directory: /mnt/c/Users/pavel/Desktop/IVS/assignment/build
"Matrixx.InverseMatrix3x3" start time: Feb 26 08:25 GMT
Output:
----------------------------------------------------------
Running main() from /mnt/c/Users/pavel/Desktop/IVS/assignment/build/googletest-master/googletest/src/gtest_main.cc
Note: Google Test filter = Matrixx.InverseMatrix3x3
[==========] Running 1 test from 1 test suite.
[----------] Global test environment set-up.
[----------] 1 test from Matrixx
[ RUN      ] Matrixx.InverseMatrix3x3
[       OK ] Matrixx.InverseMatrix3x3 (0 ms)
[----------] 1 test from Matrixx (0 ms total)

[----------] Global test environment tear-down
[==========] 1 test from 1 test suite ran. (0 ms total)
[  PASSED  ] 1 test.
<end of output>
Test time =   0.04 sec
----------------------------------------------------------
Test Passed.
"Matrixx.InverseMatrix3x3" end time: Feb 26 08:25 GMT
"Matrixx.InverseMatrix3x3" time elapsed: 00:00:00
----------------------------------------------------------

25/37 Testing: Matrixx.InverseMatrix2x2
25/37 Test: Matrixx.InverseMatrix2x2
Command: "/mnt/c/Users/pavel/Desktop/IVS/assignment/build/white_box_test" "--gtest_filter=Matrixx.InverseMatrix2x2"
Directory: /mnt/c/Users/pavel/Desktop/IVS/assignment/build
"Matrixx.InverseMatrix2x2" start time: Feb 26 08:25 GMT
Output:
----------------------------------------------------------
Running main() from /mnt/c/Users/pavel/Desktop/IVS/assignment/build/googletest-master/googletest/src/gtest_main.cc
Note: Google Test filter = Matrixx.InverseMatrix2x2
[==========] Running 1 test from 1 test suite.
[----------] Global test environment set-up.
[----------] 1 test from Matrixx
[ RUN      ] Matrixx.InverseMatrix2x2
[       OK ] Matrixx.InverseMatrix2x2 (0 ms)
[----------] 1 test from Matrixx (0 ms total)

[----------] Global test environment tear-down
[==========] 1 test from 1 test suite ran. (0 ms total)
[  PASSED  ] 1 test.
<end of output>
Test time =   0.04 sec
----------------------------------------------------------
Test Passed.
"Matrixx.InverseMatrix2x2" end time: Feb 26 08:25 GMT
"Matrixx.InverseMatrix2x2" time elapsed: 00:00:00
----------------------------------------------------------

26/37 Testing: Matrixx.InverseBiggerMatrix
26/37 Test: Matrixx.InverseBiggerMatrix
Command: "/mnt/c/Users/pavel/Desktop/IVS/assignment/build/white_box_test" "--gtest_filter=Matrixx.InverseBiggerMatrix"
Directory: /mnt/c/Users/pavel/Desktop/IVS/assignment/build
"Matrixx.InverseBiggerMatrix" start time: Feb 26 08:25 GMT
Output:
----------------------------------------------------------
Running main() from /mnt/c/Users/pavel/Desktop/IVS/assignment/build/googletest-master/googletest/src/gtest_main.cc
Note: Google Test filter = Matrixx.InverseBiggerMatrix
[==========] Running 1 test from 1 test suite.
[----------] Global test environment set-up.
[----------] 1 test from Matrixx
[ RUN      ] Matrixx.InverseBiggerMatrix
[       OK ] Matrixx.InverseBiggerMatrix (0 ms)
[----------] 1 test from Matrixx (0 ms total)

[----------] Global test environment tear-down
[==========] 1 test from 1 test suite ran. (0 ms total)
[  PASSED  ] 1 test.
<end of output>
Test time =   0.04 sec
----------------------------------------------------------
Test Passed.
"Matrixx.InverseBiggerMatrix" end time: Feb 26 08:25 GMT
"Matrixx.InverseBiggerMatrix" time elapsed: 00:00:00
----------------------------------------------------------

27/37 Testing: Matrixx.InverseSingularMatrix
27/37 Test: Matrixx.InverseSingularMatrix
Command: "/mnt/c/Users/pavel/Desktop/IVS/assignment/build/white_box_test" "--gtest_filter=Matrixx.InverseSingularMatrix"
Directory: /mnt/c/Users/pavel/Desktop/IVS/assignment/build
"Matrixx.InverseSingularMatrix" start time: Feb 26 08:25 GMT
Output:
----------------------------------------------------------
Running main() from /mnt/c/Users/pavel/Desktop/IVS/assignment/build/googletest-master/googletest/src/gtest_main.cc
Note: Google Test filter = Matrixx.InverseSingularMatrix
[==========] Running 1 test from 1 test suite.
[----------] Global test environment set-up.
[----------] 1 test from Matrixx
[ RUN      ] Matrixx.InverseSingularMatrix
[       OK ] Matrixx.InverseSingularMatrix (0 ms)
[----------] 1 test from Matrixx (0 ms total)

[----------] Global test environment tear-down
[==========] 1 test from 1 test suite ran. (0 ms total)
[  PASSED  ] 1 test.
<end of output>
Test time =   0.04 sec
----------------------------------------------------------
Test Passed.
"Matrixx.InverseSingularMatrix" end time: Feb 26 08:25 GMT
"Matrixx.InverseSingularMatrix" time elapsed: 00:00:00
----------------------------------------------------------

28/37 Testing: Matrixx.SolveMatrix4x4
28/37 Test: Matrixx.SolveMatrix4x4
Command: "/mnt/c/Users/pavel/Desktop/IVS/assignment/build/white_box_test" "--gtest_filter=Matrixx.SolveMatrix4x4"
Directory: /mnt/c/Users/pavel/Desktop/IVS/assignment/build
"Matrixx.SolveMatrix4x4" start time: Feb 26 08:25 GMT
Output:
----------------------------------------------------------
Running main() from /mnt/c/Users/pavel/Desktop/IVS/assignment/build/googletest-master/googletest/src/gtest_main.cc
Note: Google Test filter = Matrixx.SolveMatrix4x4
[==========] Running 1 test from 1 test suite.
[----------] Global test environment set-up.
[----------] 1 test from Matrixx
[ RUN      ] Matrixx.SolveMatrix4x4
[       OK ] Matrixx.SolveMatrix4x4 (0 ms)
[----------] 1 test from Matrixx (0 ms total)

[----------] Global test environment tear-down
[==========] 1 test from 1 test suite ran. (0 ms total)
[  PASSED  ] 1 test.
<end of output>
Test time =   0.04 sec
----------------------------------------------------------
Test Passed.
"Matrixx.SolveMatrix4x4" end time: Feb 26 08:25 GMT
"Matrixx.SolveMatrix4x4" time elapsed: 00:00:00
----------------------------------------------------------

29/37 Testing: NonEmptyQueue.Insert
29/37 Test: NonEmptyQueue.Insert
Command: "/mnt/c/Users/pavel/Desktop/IVS/assignment/build/tdd_test" "--gtest_filter=NonEmptyQueue.Insert"
Directory: /mnt/c/Users/pavel/Desktop/IVS/assignment/build
"NonEmptyQueue.Insert" start time: Feb 26 08:25 GMT
Output:
----------------------------------------------------------
Running main() from /mnt/c/Users/pavel/Desktop/IVS/assignment/build/googletest-master/googletest/src/gtest_main.cc
Note: Google Test filter = NonEmptyQueue.Insert
[==========] Running 1 test from 1 test suite.
[----------] Global test environment set-up.
[----------] 1 test from NonEmptyQueue
[ RUN      ] NonEmptyQueue.Insert
[       OK ] NonEmptyQueue.Insert (0 ms)
[----------] 1 test from NonEmptyQueue (0 ms total)

[----------] Global test environment tear-down
[==========] 1 test from 1 test suite ran. (1 ms total)
[  PASSED  ] 1 test.
<end of output>
Test time =   0.05 sec
----------------------------------------------------------
Test Passed.
"NonEmptyQueue.Insert" end time: Feb 26 08:25 GMT
"NonEmptyQueue.Insert" time elapsed: 00:00:00
----------------------------------------------------------

30/37 Testing: NonEmptyQueue.RemoveAllBackward
30/37 Test: NonEmptyQueue.RemoveAllBackward
Command: "/mnt/c/Users/pavel/Desktop/IVS/assignment/build/tdd_test" "--gtest_filter=NonEmptyQueue.RemoveAllBackward"
Directory: /mnt/c/Users/pavel/Desktop/IVS/assignment/build
"NonEmptyQueue.RemoveAllBackward" start time: Feb 26 08:25 GMT
Output:
----------------------------------------------------------
Running main() from /mnt/c/Users/pavel/Desktop/IVS/assignment/build/googletest-master/googletest/src/gtest_main.cc
Note: Google Test filter = NonEmptyQueue.RemoveAllBackward
[==========] Running 1 test from 1 test suite.
[----------] Global test environment set-up.
[----------] 1 test from NonEmptyQueue
[ RUN      ] NonEmptyQueue.RemoveAllBackward
[       OK ] NonEmptyQueue.RemoveAllBackward (0 ms)
[----------] 1 test from NonEmptyQueue (0 ms total)

[----------] Global test environment tear-down
[==========] 1 test from 1 test suite ran. (0 ms total)
[  PASSED  ] 1 test.
<end of output>
Test time =   0.04 sec
----------------------------------------------------------
Test Passed.
"NonEmptyQueue.RemoveAllBackward" end time: Feb 26 08:25 GMT
"NonEmptyQueue.RemoveAllBackward" time elapsed: 00:00:00
----------------------------------------------------------

31/37 Testing: NonEmptyQueue.RemoveAllForward
31/37 Test: NonEmptyQueue.RemoveAllForward
Command: "/mnt/c/Users/pavel/Desktop/IVS/assignment/build/tdd_test" "--gtest_filter=NonEmptyQueue.RemoveAllForward"
Directory: /mnt/c/Users/pavel/Desktop/IVS/assignment/build
"NonEmptyQueue.RemoveAllForward" start time: Feb 26 08:25 GMT
Output:
----------------------------------------------------------
Running main() from /mnt/c/Users/pavel/Desktop/IVS/assignment/build/googletest-master/googletest/src/gtest_main.cc
Note: Google Test filter = NonEmptyQueue.RemoveAllForward
[==========] Running 1 test from 1 test suite.
[----------] Global test environment set-up.
[----------] 1 test from NonEmptyQueue
[ RUN      ] NonEmptyQueue.RemoveAllForward
[       OK ] NonEmptyQueue.RemoveAllForward (0 ms)
[----------] 1 test from NonEmptyQueue (0 ms total)

[----------] Global test environment tear-down
[==========] 1 test from 1 test suite ran. (0 ms total)
[  PASSED  ] 1 test.
<end of output>
Test time =   0.04 sec
----------------------------------------------------------
Test Passed.
"NonEmptyQueue.RemoveAllForward" end time: Feb 26 08:25 GMT
"NonEmptyQueue.RemoveAllForward" time elapsed: 00:00:00
----------------------------------------------------------

32/37 Testing: NonEmptyQueue.Find
32/37 Test: NonEmptyQueue.Find
Command: "/mnt/c/Users/pavel/Desktop/IVS/assignment/build/tdd_test" "--gtest_filter=NonEmptyQueue.Find"
Directory: /mnt/c/Users/pavel/Desktop/IVS/assignment/build
"NonEmptyQueue.Find" start time: Feb 26 08:25 GMT
Output:
----------------------------------------------------------
Running main() from /mnt/c/Users/pavel/Desktop/IVS/assignment/build/googletest-master/googletest/src/gtest_main.cc
Note: Google Test filter = NonEmptyQueue.Find
[==========] Running 1 test from 1 test suite.
[----------] Global test environment set-up.
[----------] 1 test from NonEmptyQueue
[ RUN      ] NonEmptyQueue.Find
[       OK ] NonEmptyQueue.Find (0 ms)
[----------] 1 test from NonEmptyQueue (0 ms total)

[----------] Global test environment tear-down
[==========] 1 test from 1 test suite ran. (0 ms total)
[  PASSED  ] 1 test.
<end of output>
Test time =   0.04 sec
----------------------------------------------------------
Test Passed.
"NonEmptyQueue.Find" end time: Feb 26 08:25 GMT
"NonEmptyQueue.Find" time elapsed: 00:00:00
----------------------------------------------------------

33/37 Testing: NonEmptyQueue.Length
33/37 Test: NonEmptyQueue.Length
Command: "/mnt/c/Users/pavel/Desktop/IVS/assignment/build/tdd_test" "--gtest_filter=NonEmptyQueue.Length"
Directory: /mnt/c/Users/pavel/Desktop/IVS/assignment/build
"NonEmptyQueue.Length" start time: Feb 26 08:25 GMT
Output:
----------------------------------------------------------
Running main() from /mnt/c/Users/pavel/Desktop/IVS/assignment/build/googletest-master/googletest/src/gtest_main.cc
Note: Google Test filter = NonEmptyQueue.Length
[==========] Running 1 test from 1 test suite.
[----------] Global test environment set-up.
[----------] 1 test from NonEmptyQueue
[ RUN      ] NonEmptyQueue.Length
[       OK ] NonEmptyQueue.Length (0 ms)
[----------] 1 test from NonEmptyQueue (0 ms total)

[----------] Global test environment tear-down
[==========] 1 test from 1 test suite ran. (0 ms total)
[  PASSED  ] 1 test.
<end of output>
Test time =   0.03 sec
----------------------------------------------------------
Test Passed.
"NonEmptyQueue.Length" end time: Feb 26 08:25 GMT
"NonEmptyQueue.Length" time elapsed: 00:00:00
----------------------------------------------------------

34/37 Testing: EmptyQueue.Insert
34/37 Test: EmptyQueue.Insert
Command: "/mnt/c/Users/pavel/Desktop/IVS/assignment/build/tdd_test" "--gtest_filter=EmptyQueue.Insert"
Directory: /mnt/c/Users/pavel/Desktop/IVS/assignment/build
"EmptyQueue.Insert" start time: Feb 26 08:25 GMT
Output:
----------------------------------------------------------
Running main() from /mnt/c/Users/pavel/Desktop/IVS/assignment/build/googletest-master/googletest/src/gtest_main.cc
Note: Google Test filter = EmptyQueue.Insert
[==========] Running 1 test from 1 test suite.
[----------] Global test environment set-up.
[----------] 1 test from EmptyQueue
[ RUN      ] EmptyQueue.Insert
[       OK ] EmptyQueue.Insert (0 ms)
[----------] 1 test from EmptyQueue (0 ms total)

[----------] Global test environment tear-down
[==========] 1 test from 1 test suite ran. (0 ms total)
[  PASSED  ] 1 test.
<end of output>
Test time =   0.04 sec
----------------------------------------------------------
Test Passed.
"EmptyQueue.Insert" end time: Feb 26 08:25 GMT
"EmptyQueue.Insert" time elapsed: 00:00:00
----------------------------------------------------------

35/37 Testing: EmptyQueue.Remove
35/37 Test: EmptyQueue.Remove
Command: "/mnt/c/Users/pavel/Desktop/IVS/assignment/build/tdd_test" "--gtest_filter=EmptyQueue.Remove"
Directory: /mnt/c/Users/pavel/Desktop/IVS/assignment/build
"EmptyQueue.Remove" start time: Feb 26 08:25 GMT
Output:
----------------------------------------------------------
Running main() from /mnt/c/Users/pavel/Desktop/IVS/assignment/build/googletest-master/googletest/src/gtest_main.cc
Note: Google Test filter = EmptyQueue.Remove
[==========] Running 1 test from 1 test suite.
[----------] Global test environment set-up.
[----------] 1 test from EmptyQueue
[ RUN      ] EmptyQueue.Remove
[       OK ] EmptyQueue.Remove (0 ms)
[----------] 1 test from EmptyQueue (0 ms total)

[----------] Global test environment tear-down
[==========] 1 test from 1 test suite ran. (0 ms total)
[  PASSED  ] 1 test.
<end of output>
Test time =   0.03 sec
----------------------------------------------------------
Test Passed.
"EmptyQueue.Remove" end time: Feb 26 08:25 GMT
"EmptyQueue.Remove" time elapsed: 00:00:00
----------------------------------------------------------

36/37 Testing: EmptyQueue.Find
36/37 Test: EmptyQueue.Find
Command: "/mnt/c/Users/pavel/Desktop/IVS/assignment/build/tdd_test" "--gtest_filter=EmptyQueue.Find"
Directory: /mnt/c/Users/pavel/Desktop/IVS/assignment/build
"EmptyQueue.Find" start time: Feb 26 08:25 GMT
Output:
----------------------------------------------------------
Running main() from /mnt/c/Users/pavel/Desktop/IVS/assignment/build/googletest-master/googletest/src/gtest_main.cc
Note: Google Test filter = EmptyQueue.Find
[==========] Running 1 test from 1 test suite.
[----------] Global test environment set-up.
[----------] 1 test from EmptyQueue
[ RUN      ] EmptyQueue.Find
[       OK ] EmptyQueue.Find (0 ms)
[----------] 1 test from EmptyQueue (0 ms total)

[----------] Global test environment tear-down
[==========] 1 test from 1 test suite ran. (0 ms total)
[  PASSED  ] 1 test.
<end of output>
Test time =   0.04 sec
----------------------------------------------------------
Test Passed.
"EmptyQueue.Find" end time: Feb 26 08:25 GMT
"EmptyQueue.Find" time elapsed: 00:00:00
----------------------------------------------------------

37/37 Testing: EmptyQueue.Length
37/37 Test: EmptyQueue.Length
Command: "/mnt/c/Users/pavel/Desktop/IVS/assignment/build/tdd_test" "--gtest_filter=EmptyQueue.Length"
Directory: /mnt/c/Users/pavel/Desktop/IVS/assignment/build
"EmptyQueue.Length" start time: Feb 26 08:25 GMT
Output:
----------------------------------------------------------
Running main() from /mnt/c/Users/pavel/Desktop/IVS/assignment/build/googletest-master/googletest/src/gtest_main.cc
Note: Google Test filter = EmptyQueue.Length
[==========] Running 1 test from 1 test suite.
[----------] Global test environment set-up.
[----------] 1 test from EmptyQueue
[ RUN      ] EmptyQueue.Length
[       OK ] EmptyQueue.Length (0 ms)
[----------] 1 test from EmptyQueue (0 ms total)

[----------] Global test environment tear-down
[==========] 1 test from 1 test suite ran. (1 ms total)
[  PASSED  ] 1 test.
<end of output>
Test time =   0.04 sec
----------------------------------------------------------
Test Passed.
"EmptyQueue.Length" end time: Feb 26 08:25 GMT
"EmptyQueue.Length" time elapsed: 00:00:00
----------------------------------------------------------

End testing: Feb 26 08:25 GMT
